2020:11:20 15:49:56.550 INFO  --- [main] com.example.demo.DemoApplication : Starting DemoApplication using Java 12.0.2 on DESKTOP-MAEU7DJ with PID 12896 (C:\pjt\spring-pjt-all\custom-logger-test\build\classes\java\main started by jiyoung in C:\pjt\spring-pjt-all\custom-logger-test) 
2020:11:20 15:49:56.551 DEBUG --- [main] com.example.demo.DemoApplication : Running with Spring Boot v2.4.0, Spring v5.3.1 
2020:11:20 15:49:56.551 INFO  --- [main] com.example.demo.DemoApplication : The following profiles are active: local,core 
2020:11:20 15:49:58.777 INFO  --- [main] o.s.b.w.e.tomcat.TomcatWebServer : Tomcat initialized with port(s): 8080 (http) 
2020:11:20 15:49:58.793 INFO  --- [main] o.a.coyote.http11.Http11NioProtocol : Initializing ProtocolHandler ["http-nio-8080"] 
2020:11:20 15:49:58.794 INFO  --- [main] o.a.catalina.core.StandardService : Starting service [Tomcat] 
2020:11:20 15:49:58.794 INFO  --- [main] o.a.catalina.core.StandardEngine : Starting Servlet engine: [Apache Tomcat/9.0.39] 
2020:11:20 15:49:58.899 INFO  --- [main] o.a.c.c.C.[Tomcat].[localhost].[/] : Initializing Spring embedded WebApplicationContext 
2020:11:20 15:49:58.900 INFO  --- [main] o.s.b.w.s.c.ServletWebServerApplicationContext : Root WebApplicationContext: initialization completed in 2288 ms 
2020:11:20 15:49:59.193 INFO  --- [main] o.s.s.c.ThreadPoolTaskExecutor : Initializing ExecutorService 'applicationTaskExecutor' 
2020:11:20 15:49:59.411 INFO  --- [main] o.a.coyote.http11.Http11NioProtocol : Starting ProtocolHandler ["http-nio-8080"] 
2020:11:20 15:49:59.439 INFO  --- [main] o.s.b.w.e.tomcat.TomcatWebServer : Tomcat started on port(s): 8080 (http) with context path '' 
2020:11:20 15:49:59.453 INFO  --- [main] com.example.demo.DemoApplication : Started DemoApplication in 3.534 seconds (JVM running for 4.03) 
2020:11:20 15:53:53.894 INFO  --- [main] com.example.demo.DemoApplication : Starting DemoApplication using Java 12.0.2 on DESKTOP-MAEU7DJ with PID 19316 (C:\pjt\spring-pjt-all\custom-logger-test\build\classes\java\main started by jiyoung in C:\pjt\spring-pjt-all\custom-logger-test) 
2020:11:20 15:53:53.895 DEBUG --- [main] com.example.demo.DemoApplication : Running with Spring Boot v2.4.0, Spring v5.3.1 
2020:11:20 15:53:53.896 INFO  --- [main] com.example.demo.DemoApplication : The following profiles are active: local,core 
2020:11:20 15:53:56.345 INFO  --- [main] o.s.b.w.e.tomcat.TomcatWebServer : Tomcat initialized with port(s): 8080 (http) 
2020:11:20 15:53:56.357 INFO  --- [main] o.a.coyote.http11.Http11NioProtocol : Initializing ProtocolHandler ["http-nio-8080"] 
2020:11:20 15:53:56.357 INFO  --- [main] o.a.catalina.core.StandardService : Starting service [Tomcat] 
2020:11:20 15:53:56.357 INFO  --- [main] o.a.catalina.core.StandardEngine : Starting Servlet engine: [Apache Tomcat/9.0.39] 
2020:11:20 15:53:56.443 INFO  --- [main] o.a.c.c.C.[Tomcat].[localhost].[/] : Initializing Spring embedded WebApplicationContext 
2020:11:20 15:53:56.444 INFO  --- [main] o.s.b.w.s.c.ServletWebServerApplicationContext : Root WebApplicationContext: initialization completed in 2452 ms 
2020:11:20 15:53:56.645 INFO  --- [main] o.s.s.c.ThreadPoolTaskExecutor : Initializing ExecutorService 'applicationTaskExecutor' 
2020:11:20 15:53:56.805 INFO  --- [main] o.a.coyote.http11.Http11NioProtocol : Starting ProtocolHandler ["http-nio-8080"] 
2020:11:20 15:53:56.826 INFO  --- [main] o.s.b.w.e.tomcat.TomcatWebServer : Tomcat started on port(s): 8080 (http) with context path '' 
2020:11:20 15:53:56.837 INFO  --- [main] com.example.demo.DemoApplication : Started DemoApplication in 3.747 seconds (JVM running for 4.2) 
2020:11:20 15:54:10.719 INFO  --- [http-nio-8080-exec-1] o.a.c.c.C.[Tomcat].[localhost].[/] : Initializing Spring DispatcherServlet 'dispatcherServlet' 
2020:11:20 15:54:10.723 INFO  --- [http-nio-8080-exec-1] o.s.web.servlet.DispatcherServlet : Initializing Servlet 'dispatcherServlet' 
2020:11:20 15:54:10.724 INFO  --- [http-nio-8080-exec-1] o.s.web.servlet.DispatcherServlet : Completed initialization in 1 ms 
2020:11:20 15:54:10.755 INFO  --- [http-nio-8080-exec-1] com.example.demo.Controller : info 
2020:11:20 15:58:48.984 INFO  --- [main] com.example.demo.DemoApplication : Starting DemoApplication using Java 12.0.2 on DESKTOP-MAEU7DJ with PID 21424 (C:\pjt\spring-pjt-all\custom-logger-test\build\classes\java\main started by jiyoung in C:\pjt\spring-pjt-all\custom-logger-test) 
2020:11:20 15:58:48.985 DEBUG --- [main] com.example.demo.DemoApplication : Running with Spring Boot v2.4.0, Spring v5.3.1 
2020:11:20 15:58:48.986 INFO  --- [main] com.example.demo.DemoApplication : The following profiles are active: local,core 
2020:11:20 15:58:51.240 INFO  --- [main] o.s.b.w.e.tomcat.TomcatWebServer : Tomcat initialized with port(s): 8080 (http) 
2020:11:20 15:58:51.252 INFO  --- [main] o.a.coyote.http11.Http11NioProtocol : Initializing ProtocolHandler ["http-nio-8080"] 
2020:11:20 15:58:51.252 INFO  --- [main] o.a.catalina.core.StandardService : Starting service [Tomcat] 
2020:11:20 15:58:51.253 INFO  --- [main] o.a.catalina.core.StandardEngine : Starting Servlet engine: [Apache Tomcat/9.0.39] 
